################################################################################
#
# This file has been generated by SpyGlass:
#     Report Created by: RuthvikBJ
#     Report Created on: Sat Aug 30 02:53:13 2025
#     Working Directory: /home1/BRN49/RuthvikBJ/VLSI_RN/projects/RISC-V/script_linting
#     Report Location  : /home1/BRN49/RuthvikBJ/VLSI_RN/projects/RISC-V/script_linting/vcst_rtdb/spyglass/vc_lint0/msrv32_top/VC_GOAL0/spyglass_reports/SpyGlass/elab_summary.rpt
#     SpyGlass Version : SpyGlass_vT-2022.06
#     Policy Name      : SpyGlass(SpyGlass_vT-2022.06)
#     Comment          : This report contains RTL and Elaborated names along with parameter values
#
################################################################################

================================================================================
Elaborated Name: 'msrv32_pc'
    (RTL Design Unit name: 'msrv32_pc', ../rtl/msrv32_pc.sv:1)
     Parameters (Total: 1)
         BOOT_ADDRESS = 0 (default: 0)
     Instances (Total: 1): msrv32_top.PC 

================================================================================

Elaborated Name: 'msrv32_reg_block_1'
    (RTL Design Unit name: 'msrv32_reg_block_1', ../rtl/msrv32_reg_block_1.sv:1)
     Parameters (Total: 0)
     Instances (Total: 1): msrv32_top.REG1 

================================================================================

Elaborated Name: 'msrv32_imm_generator'
    (RTL Design Unit name: 'msrv32_imm_generator', ../rtl/msrv32_imm_generator.sv:1)
     Parameters (Total: 0)
     Instances (Total: 1): msrv32_top.IMG 

================================================================================

Elaborated Name: 'msrv32_immediate_adder'
    (RTL Design Unit name: 'msrv32_immediate_adder', ../rtl/msrv32_immediate_adder.sv:1)
     Parameters (Total: 0)
     Instances (Total: 1): msrv32_top.imm_adder 

================================================================================

Elaborated Name: 'msrv32_integer_file'
    (RTL Design Unit name: 'msrv32_integer_file', ../rtl/msrv32_integer_file.sv:1)
     Parameters (Total: 0)
     Instances (Total: 1): msrv32_top.IRF 

================================================================================

Elaborated Name: 'msrv32_wr_en_generator'
    (RTL Design Unit name: 'msrv32_wr_en_generator', ../rtl/msrv32_wr_en_generator.sv:1)
     Parameters (Total: 0)
     Instances (Total: 1): msrv32_top.WREN 

================================================================================

Elaborated Name: 'msrv32_instruction_mux'
    (RTL Design Unit name: 'msrv32_instruction_mux', ../rtl/msrv32_instruction_mux.sv:1)
     Parameters (Total: 0)
     Instances (Total: 1): msrv32_top.ID 

================================================================================

Elaborated Name: 'msrv32_branch_unit'
    (RTL Design Unit name: 'msrv32_branch_unit', ../rtl/msrv32_branch_unit.sv:1)
     Parameters (Total: 3)
         JAL    = 27 (default: 5'b11011)
         JALR   = 25 (default: 5'b11001)
         Branch = 24 (default: 5'b11000)
     Instances (Total: 1): msrv32_top.BU 

================================================================================

Elaborated Name: 'msrv32_decoder'
    (RTL Design Unit name: 'msrv32_decoder', ../rtl/msrv32_decoder.sv:1)
     Parameters (Total: 21)
         OPCODE_BRANCH   = 24 (default: 5'b11000)
         OPCODE_JAL      = 27 (default: 5'b11011)
         OPCODE_JALR     = 25 (default: 5'b11001)
         OPCODE_AUIPC    = 5 (default: 5'b00101)
         OPCODE_LUI      = 13 (default: 5'b01101)
         OPCODE_OP       = 12 (default: 5'b01100)
         OPCODE_OP_IMM   = 4 (default: 5'b00100)
         OPCODE_LOAD     = 0 (default: 5'b00000)
         OPCODE_STORE    = 8 (default: 5'b01000)
         OPCODE_SYSTEM   = 28 (default: 5'b11100)
         OPCODE_MISC_MEM = 3 (default: 5'b00011)
         FUNCT3_ADD      = 0 (default: 3'b000)
         FUNCT3_SUB      = 0 (default: 3'b000)
         FUNCT3_XOR      = 4 (default: 3'b100)
         FUNCT3_OR       = 6 (default: 3'b110)
         FUNCT3_AND      = 7 (default: 3'b111)
         FUNCT3_SLL      = 1 (default: 3'b001)
         FUNCT3_SRL      = 5 (default: 3'b101)
         FUNCT3_SRA      = 5 (default: 3'b101)
         FUNCT3_SLT      = 2 (default: 3'b010)
         FUNCT3_SLTU     = 3 (default: 3'b011)
     Instances (Total: 1): msrv32_top.DEC 

================================================================================

Elaborated Name: 'msrv32_machine_control'
    (RTL Design Unit name: 'msrv32_machine_control', ../rtl/msrv32_machine_control.v:18)
     Parameters (Total: 8)
         STATE_RESET       = 1 (default: 4'b0001)
         STATE_OPERATING   = 2 (default: 4'b0010)
         STATE_TRAP_TAKEN  = 4 (default: 4'b0100)
         STATE_TRAP_RETURN = 8 (default: 4'b1000)
         PC_BOOT           = 0 (default: 2'b00)
         PC_EPC            = 1 (default: 2'b01)
         PC_TRAP           = 2 (default: 2'b10)
         PC_NEXT           = 3 (default: 2'b11)
     Instances (Total: 1): msrv32_top.MC 

================================================================================

Elaborated Name: 'msrv32_csr_file'
    (RTL Design Unit name: 'msrv32_csr_file', ../rtl/msrv32_csr_file.v:32)
     Parameters (Total: 0)
     Instances (Total: 1): msrv32_top.CSRF 

================================================================================

Elaborated Name: 'data_wr_mux_unit'
    (RTL Design Unit name: 'data_wr_mux_unit', ../rtl/data_wr_mux_unit.v:4)
     Parameters (Total: 4)
         CSR_NOP = 0 (default: 2'b00)
         CSR_RW  = 1 (default: 2'b01)
         CSR_RS  = 2 (default: 2'b10)
         CSR_RC  = 3 (default: 2'b11)
     Instances (Total: 1): msrv32_top.CSRF.DRMU 

================================================================================

Elaborated Name: 'csr_data_mux_unit'
    (RTL Design Unit name: 'csr_data_mux_unit', ../rtl/csr_data_mux_unit.v:4)
     Parameters (Total: 20)
         CYCLE         = 3072 (default: 12'hC00)
         TIME          = 3073 (default: 12'hC01)
         INSTRET       = 3074 (default: 12'hC02)
         CYCLEH        = 3200 (default: 12'hC80)
         TIMEH         = 3201 (default: 12'hC81)
         INSTRETH      = 3202 (default: 12'hC82)
         MSTATUS       = 768 (default: 12'h300)
         MISA          = 769 (default: 12'h301)
         MIE           = 772 (default: 12'h304)
         MTVEC         = 773 (default: 12'h305)
         MSCRATCH      = 832 (default: 12'h340)
         MEPC          = 833 (default: 12'h341)
         MCAUSE        = 834 (default: 12'h342)
         MTVAL         = 835 (default: 12'h343)
         MIP           = 836 (default: 12'h344)
         MCYCLE        = 2816 (default: 12'hB00)
         MINSTRET      = 2818 (default: 12'hB02)
         MCYCLEH       = 2944 (default: 12'hB80)
         MINSTRETH     = 2946 (default: 12'hB82)
         MCOUNTINHIBIT = 800 (default: 12'h320)
     Instances (Total: 1): msrv32_top.CSRF.CDMU 

================================================================================

Elaborated Name: 'mstatus_reg'
    (RTL Design Unit name: 'mstatus_reg', ../rtl/mstatus_reg.v:2)
     Parameters (Total: 1)
         MSTATUS = 768 (default: 12'h300)
     Instances (Total: 1): msrv32_top.CSRF.MS 

================================================================================

Elaborated Name: 'misa_and_pre_data'
    (RTL Design Unit name: 'misa_and_pre_data', ../rtl/misa_and_pre_data.v:4)
     Parameters (Total: 0)
     Instances (Total: 1): msrv32_top.CSRF.MPD 

================================================================================

Elaborated Name: 'mie_reg'
    (RTL Design Unit name: 'mie_reg', ../rtl/mie_reg.v:4)
     Parameters (Total: 1)
         MIE = 772 (default: 12'h304)
     Instances (Total: 1): msrv32_top.CSRF.MIE_REG 

================================================================================

Elaborated Name: 'mtvec_reg'
    (RTL Design Unit name: 'mtvec_reg', ../rtl/mtvec_reg.v:2)
     Parameters (Total: 3)
         MTVEC_BASE_RESET = 0 (default: 30'b000000000000000000000000000000)
         MTVEC_MODE_RESET = 0 (default: 2'b00)
         MTVEC            = 773 (default: 12'h305)
     Instances (Total: 1): msrv32_top.CSRF.MTVEC_REG 

================================================================================

Elaborated Name: 'mepc_and_mscratch_reg'
    (RTL Design Unit name: 'mepc_and_mscratch_reg', ../rtl/mepc_and_mscratch_reg.v:2)
     Parameters (Total: 4)
         MSCRATCH_RESET = 0 (default: 32'h00000000)
         MSCRATCH       = 832 (default: 12'h340)
         MEPC_RESET     = 0 (default: 32'h00000000)
         MEPC           = 833 (default: 12'h341)
     Instances (Total: 1): msrv32_top.CSRF.MM_REG 

================================================================================

Elaborated Name: 'mcause_reg'
    (RTL Design Unit name: 'mcause_reg', ../rtl/mcause_reg.v:2)
     Parameters (Total: 1)
         MCAUSE = 834 (default: 12'h342)
     Instances (Total: 1): msrv32_top.CSRF.MCAUSE_REG 

================================================================================

Elaborated Name: 'mip_reg'
    (RTL Design Unit name: 'mip_reg', ../rtl/mip_reg.v:2)
     Parameters (Total: 0)
     Instances (Total: 1): msrv32_top.CSRF.MIP_REG 

================================================================================

Elaborated Name: 'mtval_reg'
    (RTL Design Unit name: 'mtval_reg', ../rtl/mtval_reg.v:3)
     Parameters (Total: 1)
         MTVAL = 835 (default: 12'h343)
     Instances (Total: 1): msrv32_top.CSRF.MTVAL_REG 

================================================================================

Elaborated Name: 'machine_counter_setup'
    (RTL Design Unit name: 'machine_counter_setup', ../rtl/machine_counter_setup.v:4)
     Parameters (Total: 3)
         MCOUNTINHIBIT_CY_RESET = 0 (default: 1'b0)
         MCOUNTINHIBIT_IR_RESET = 0 (default: 1'b0)
         MCOUNTINHIBIT          = 800 (default: 12'h320)
     Instances (Total: 1): msrv32_top.CSRF.MCS 

================================================================================

Elaborated Name: 'machine_counter'
    (RTL Design Unit name: 'machine_counter', ../rtl/machine_counter.v:2)
     Parameters (Total: 10)
         MCYCLE_RESET    = 0 (default: 32'h00000000)
         TIME_RESET      = 0 (default: 32'h00000000)
         MINSTRET_RESET  = 0 (default: 32'h00000000)
         MCYCLEH_RESET   = 0 (default: 32'h00000000)
         TIMEH_RESET     = 0 (default: 32'h00000000)
         MINSTRETH_RESET = 0 (default: 32'h00000000)
         MCYCLE          = 2816 (default: 12'hB00)
         MCYCLEH         = 2944 (default: 12'hB80)
         MINSTRET        = 2818 (default: 12'hB02)
         MINSTRETH       = 2946 (default: 12'hB82)
     Instances (Total: 1): msrv32_top.CSRF.MC 

================================================================================

Elaborated Name: 'msrv32_reg_block2'
    (RTL Design Unit name: 'msrv32_reg_block2', ../rtl/msrv32_reg_block2.sv:1)
     Parameters (Total: 1)
         BOOT_ADDRESS = 0 (default: 32'h00000000)
     Instances (Total: 1): msrv32_top.REG2 

================================================================================

Elaborated Name: 'msrv32_store_unit'
    (RTL Design Unit name: 'msrv32_store_unit', ../rtl/msrv32_store_unit.sv:1)
     Parameters (Total: 0)
     Instances (Total: 1): msrv32_top.SU 

================================================================================

Elaborated Name: 'msrv32_load_unit'
    (RTL Design Unit name: 'msrv32_load_unit', ../rtl/msrv32_load_unit.sv:1)
     Parameters (Total: 0)
     Instances (Total: 1): msrv32_top.LU 

================================================================================

Elaborated Name: 'msrv32_alu'
    (RTL Design Unit name: 'msrv32_alu', ../rtl/msrv32_alu.sv:1)
     Parameters (Total: 8)
         FUNCT3_ADD  = 0 (default: 3'b000)
         FUNCT3_SLT  = 2 (default: 3'b010)
         FUNCT3_SLTU = 3 (default: 3'b011)
         FUNCT3_AND  = 7 (default: 3'b111)
         FUNCT3_OR   = 6 (default: 3'b110)
         FUNCT3_XOR  = 4 (default: 3'b100)
         FUNCT3_SLL  = 1 (default: 3'b001)
         FUNCT3_SRL  = 5 (default: 3'b101)
     Instances (Total: 1): msrv32_top.ALU 

================================================================================

Elaborated Name: 'msrv32_wb_mux_sel_unit'
    (RTL Design Unit name: 'msrv32_wb_mux_sel_unit', ../rtl/msrv32_wb_mux_sel_unit.sv:1)
     Parameters (Total: 6)
         WB_MUX        = 0 (default: 3'b000)
         WB_LU         = 1 (default: 3'b001)
         WB_IMM        = 2 (default: 3'b010)
         WB_IADDER_OUT = 3 (default: 3'b011)
         WB_CSR        = 4 (default: 3'b100)
         WB_PC_PLUS    = 5 (default: 3'b101)
     Instances (Total: 1): msrv32_top.WBMUX 

================================================================================

Elaborated Name: 'msrv32_top'
    (RTL Design Unit name: 'msrv32_top', ../rtl/msrv32_top.sv:1)
     Parameters (Total: 7)
         BOOT_ADDRESS  = 0 (default: 32'h00000000)
         WB_ALU        = 0 (default: 3'b000)
         WB_LU         = 1 (default: 3'b001)
         WB_IMM        = 2 (default: 3'b010)
         WB_IADDER_OUT = 3 (default: 3'b011)
         WB_CSR        = 4 (default: 3'b100)
         WB_PC_PLUS    = 5 (default: 3'b101)
================================================================================
