0::msrv32_top::0
1::msrv32_csr_file::0
2::csr_data_mux_unit::0
3::msrv32_reg_block2::0
4::machine_counter::0
5::msrv32_pc::0
6::msrv32_alu::0
7::msrv32_wb_mux_sel_unit::0
8::msrv32_imm_generator::0
9::mtvec_reg::0
10::msrv32_store_unit::0
11::mepc_and_mscratch_reg::0
12::msrv32_integer_file::0
13::msrv32_instruction_mux::0
14::msrv32_load_unit::0
15::msrv32_machine_control::0
16::misa_and_pre_data::0
17::msrv32_immediate_adder::0
18::mcause_reg::0
19::mtval_reg::0
20::msrv32_decoder::0
21::data_wr_mux_unit::0
22::msrv32_branch_unit::0
23::mie_reg::0
24::msrv32_reg_block_1::0
25::mstatus_reg::0
26::machine_counter_setup::0
27::mip_reg::0
28::msrv32_wr_en_generator::0
