# vsim -vopt -voptargs="+acc" -coverage -c -do "coverage save -onexit -codeAll ../sim/covdb_wb_mux_sel_unit.ucdb; log -r /* ;run -all; quit" msrv32_wb_mux_sel_unit_tb -work ../sim -l ../sim/simulation_wb_mux_sel_unit.log -wlf ../sim/wb_mux_sel_unit/waveform_wb_mux_sel_unit.wlf 
# Start time: 21:30:06 on Aug 27,2025
# ** Note: (vsim-3812) Design is being optimized...
# ** Warning: (vopt-10587) Some optimizations are turned off because the +acc switch is in effect. This will cause your simulation to run slowly. Please use -access/-debug to maintain needed visibility.
# ** Note: (vsim-12126) Error and warning message counts have been restored: Errors=0, Warnings=1.
# //  Questa Sim-64
# //  Version 2022.1_2 linux_x86_64 Apr  2 2022
# //
# //  Copyright 1991-2022 Mentor Graphics Corporation
# //  All Rights Reserved.
# //
# //  QuestaSim and its associated documentation contain trade
# //  secrets and commercial or financial information that are the property of
# //  Mentor Graphics Corporation and are privileged, confidential,
# //  and exempt from disclosure under the Freedom of Information Act,
# //  5 U.S.C. Section 552. Furthermore, this information
# //  is prohibited from disclosure under the Trade Secrets Act,
# //  18 U.S.C. Section 1905.
# //
# Loading sv_std.std
# Loading work.msrv32_wb_mux_sel_unit_tb(fast)
# Loading work.msrv32_wb_mux_sel_unit(fast)
# coverage save -onexit -codeAll ../sim/covdb_wb_mux_sel_unit.ucdb
#  log -r /* 
# run -all
# Time	wb_sel	alu_src	wb_mux_out	alu_2nd_src_mux_out
# 0	000	0	        10	        30
# 20000	001	0	        20	        30
# 30000	010	0	        30	        30
# 40000	011	0	        40	        30
# 50000	100	0	        50	        30
# 60000	101	0	        60	        30
# 70000	111	1	         0	        70
# ** Note: $finish    : ../tb/msrv32_wb_mux_sel_unit_tb.sv(79)
#    Time: 170 ns  Iteration: 0  Instance: /msrv32_wb_mux_sel_unit_tb
# Saving coverage database on exit...
# End time: 21:30:07 on Aug 27,2025, Elapsed time: 0:00:01
# Errors: 0, Warnings: 1
