# vsim -vopt -voptargs="+acc" -coverage -c -do "coverage save -onexit -codeAll ../sim/covdb_pc.ucdb; log -r /* ;run -all; quit" msrv32_pc_tb -work ../sim -l ../sim/simulation_pc.log -wlf ../sim/pc_wv/waveform_pc.wlf 
# Start time: 21:22:23 on Aug 27,2025
# ** Note: (vsim-3812) Design is being optimized...
# ** Warning: (vopt-10587) Some optimizations are turned off because the +acc switch is in effect. This will cause your simulation to run slowly. Please use -access/-debug to maintain needed visibility.
# ** Note: (vsim-12126) Error and warning message counts have been restored: Errors=0, Warnings=1.
# //  Questa Sim-64
# //  Version 2022.1_2 linux_x86_64 Apr  2 2022
# //
# //  Copyright 1991-2022 Mentor Graphics Corporation
# //  All Rights Reserved.
# //
# //  QuestaSim and its associated documentation contain trade
# //  secrets and commercial or financial information that are the property of
# //  Mentor Graphics Corporation and are privileged, confidential,
# //  and exempt from disclosure under the Freedom of Information Act,
# //  5 U.S.C. Section 552. Furthermore, this information
# //  is prohibited from disclosure under the Trade Secrets Act,
# //  18 U.S.C. Section 1905.
# //
# Loading sv_std.std
# Loading work.msrv32_pc_tb(fast)
# Loading work.msrv32_pc(fast)
# coverage save -onexit -codeAll ../sim/covdb_pc.ucdb
#  log -r /* 
# run -all
# The output pc_src_in = 3 i_addr_out = 00000010, The output pc_plus_4_out = 00000010, The misaligned_instr_logic_out = 0, The pc_mux_out = 00000010
# The output pc_src_in = 0 i_addr_out = 00000000, The output pc_plus_4_out = 00000010, The misaligned_instr_logic_out = 0, The pc_mux_out = 00000000
# The output pc_src_in = 1 i_addr_out = 00000004, The output pc_plus_4_out = 00000010, The misaligned_instr_logic_out = 0, The pc_mux_out = 00000004
# The output pc_src_in = 2 i_addr_out = 00000008, The output pc_plus_4_out = 00000010, The misaligned_instr_logic_out = 0, The pc_mux_out = 00000008
# The output pc_src_in = 2 i_addr_out = 00000000, The output pc_plus_4_out = 00000010, The misaligned_instr_logic_out = 0, The pc_mux_out = 00000008
# The output pc_src_in = 3 i_addr_out = 00000000, The output pc_plus_4_out = 00000010, The misaligned_instr_logic_out = 1, The pc_mux_out = 561f3e8a
# The output pc_src_in = 0 i_addr_out = 00000000, The output pc_plus_4_out = 00000010, The misaligned_instr_logic_out = 1, The pc_mux_out = 00000000
# The output pc_src_in = 1 i_addr_out = 00000000, The output pc_plus_4_out = 00000010, The misaligned_instr_logic_out = 1, The pc_mux_out = 00000004
# The output pc_src_in = 2 i_addr_out = 00000000, The output pc_plus_4_out = 00000010, The misaligned_instr_logic_out = 1, The pc_mux_out = 00000008
# The output pc_src_in = 2 i_addr_out = 00000008, The output pc_plus_4_out = 00000010, The misaligned_instr_logic_out = 1, The pc_mux_out = 00000008
# ** Note: $finish    : ../tb/msrv32_pc_tb.sv(73)
#    Time: 310 ns  Iteration: 0  Instance: /msrv32_pc_tb
# Saving coverage database on exit...
# End time: 21:22:24 on Aug 27,2025, Elapsed time: 0:00:01
# Errors: 0, Warnings: 1
