 
****************************************
Report : timing
        -path full
        -delay max
        -max_paths 1
Design : machine_counter_setup
Version: T-2022.03-SP4
Date   : Sat Aug 30 03:27:48 2025
****************************************

Operating Conditions: nom_pvt   Library: lsi_10k
Wire Load Model Mode: top

  Startpoint: mcountinhibit_cy_out_reg
              (rising edge-triggered flip-flop)
  Endpoint: mcountinhibit_cy_out
            (output port)
  Path Group: (none)
  Path Type: max

  Point                                    Incr       Path
  -----------------------------------------------------------
  mcountinhibit_cy_out_reg/CP (FD1)        0.00       0.00 r
  mcountinhibit_cy_out_reg/Q (FD1)         1.42       1.42 f
  mcountinhibit_cy_out (out)               0.00       1.42 f
  data arrival time                                   1.42
  -----------------------------------------------------------
  (Path is unconstrained)


1
