 
****************************************
Report : timing
        -path full
        -delay max
        -max_paths 1
Design : mcause_reg
Version: T-2022.03-SP4
Date   : Sat Aug 30 03:27:37 2025
****************************************

Operating Conditions: nom_pvt   Library: lsi_10k
Wire Load Model Mode: top

  Startpoint: int_or_exc_out_reg
              (rising edge-triggered flip-flop)
  Endpoint: mcause_out[31]
            (output port)
  Path Group: (none)
  Path Type: max

  Point                                    Incr       Path
  -----------------------------------------------------------
  int_or_exc_out_reg/CP (FD1)              0.00       0.00 r
  int_or_exc_out_reg/Q (FD1)               1.42       1.42 f
  mcause_out[31] (out)                     0.00       1.42 f
  data arrival time                                   1.42
  -----------------------------------------------------------
  (Path is unconstrained)


1
