 
****************************************
Report : timing
        -path full
        -delay max
        -max_paths 1
Design : mepc_and_mscratch_reg
Version: T-2022.03-SP4
Date   : Sat Aug 30 03:27:45 2025
****************************************

Operating Conditions: nom_pvt   Library: lsi_10k
Wire Load Model Mode: top

  Startpoint: mscratch_out_reg[31]
              (rising edge-triggered flip-flop)
  Endpoint: mscratch_out[31]
            (output port)
  Path Group: (none)
  Path Type: max

  Point                                    Incr       Path
  -----------------------------------------------------------
  mscratch_out_reg[31]/CP (FD1)            0.00       0.00 r
  mscratch_out_reg[31]/Q (FD1)             1.42       1.42 f
  mscratch_out[31] (out)                   0.00       1.42 f
  data arrival time                                   1.42
  -----------------------------------------------------------
  (Path is unconstrained)


1
