 
****************************************
Report : timing
        -path full
        -delay max
        -max_paths 1
Design : msrv32_decoder
Version: T-2022.03-SP4
Date   : Sat Aug 30 03:27:15 2025
****************************************

Operating Conditions: nom_pvt   Library: lsi_10k
Wire Load Model Mode: top

  Startpoint: opcode_in[2]
              (input port)
  Endpoint: alu_opcode_out[3]
            (output port)
  Path Group: (none)
  Path Type: max

  Point                                    Incr       Path
  -----------------------------------------------------------
  input external delay                     0.00       0.00 f
  opcode_in[2] (in)                        0.00       0.00 f
  U57/Z (NR2)                              1.07       1.07 r
  U68/Z (ND2)                              0.30       1.37 f
  U70/Z (NR2)                              1.33       2.70 r
  U75/Z (IVP)                              0.29       2.99 f
  U76/Z (AO1P)                             1.31       4.30 r
  U78/Z (NR2)                              0.25       4.55 f
  alu_opcode_out[3] (out)                  0.00       4.55 f
  data arrival time                                   4.55
  -----------------------------------------------------------
  (Path is unconstrained)


1
