 
****************************************
Report : timing
        -path full
        -delay max
        -max_paths 1
Design : msrv32_reg_block_1
Version: T-2022.03-SP4
Date   : Sat Aug 30 03:28:00 2025
****************************************

Operating Conditions: nom_pvt   Library: lsi_10k
Wire Load Model Mode: top

  Startpoint: pc_out_reg[31]
              (rising edge-triggered flip-flop)
  Endpoint: pc_out[31] (output port)
  Path Group: (none)
  Path Type: max

  Point                                    Incr       Path
  -----------------------------------------------------------
  pc_out_reg[31]/CP (FD1)                  0.00       0.00 r
  pc_out_reg[31]/Q (FD1)                   1.37       1.37 f
  pc_out[31] (out)                         0.00       1.37 f
  data arrival time                                   1.37
  -----------------------------------------------------------
  (Path is unconstrained)


1
