 
****************************************
Report : timing
        -path full
        -delay max
        -max_paths 1
Design : msrv32_alu
Version: T-2022.03-SP4
Date   : Sat Aug 30 03:27:29 2025
****************************************

Operating Conditions: nom_pvt   Library: lsi_10k
Wire Load Model Mode: top

  Startpoint: op_2_in[1] (input port)
  Endpoint: result_out[31]
            (output port)
  Path Group: (none)
  Path Type: max

  Point                                    Incr       Path
  -----------------------------------------------------------
  input external delay                     0.00       0.00 f
  op_2_in[1] (in)                          0.00       0.00 f
  U716/Z (IVP)                             1.14       1.14 r
  U745/Z (ND2)                             2.26       3.41 f
  U757/Z (IVP)                             1.73       5.14 r
  U816/Z (ND2)                             0.39       5.53 f
  U817/Z (NR2)                             2.88       8.41 r
  U818/Z (IVP)                             0.33       8.73 f
  U1028/Z (ND2)                            0.64       9.37 r
  U1029/Z (EN)                             1.37      10.74 r
  U1059/Z (AO5)                            0.69      11.43 f
  U1089/Z (AO5)                            2.16      13.59 r
  U1105/Z (AO5)                            0.69      14.28 f
  U1140/Z (AO5)                            2.16      16.45 r
  U1170/Z (AO5)                            0.69      17.13 f
  U1192/Z (AO5)                            2.16      19.30 r
  U1216/Z (AO5)                            0.69      19.98 f
  U1241/Z (AO5)                            2.16      22.15 r
  U1253/Z (AO5)                            0.69      22.83 f
  U1289/Z (AO5)                            2.16      25.00 r
  U1313/Z (AO5)                            0.69      25.69 f
  U1335/Z (AO5)                            1.64      27.33 r
  U1340/Z (NR2)                            0.43      27.75 f
  U1362/Z (AO6)                            1.86      29.62 r
  U1386/Z (AO5)                            0.69      30.31 f
  U1403/Z (AO5)                            2.16      32.47 r
  U1424/Z (AO5)                            0.69      33.16 f
  U1440/Z (AO5)                            2.16      35.32 r
  U1464/Z (AO5)                            0.69      36.01 f
  U1480/Z (AO5)                            2.16      38.17 r
  U1502/Z (AO5)                            0.69      38.86 f
  U1515/Z (AO5)                            2.16      41.02 r
  U1540/Z (AO5)                            0.69      41.71 f
  U1548/Z (AO5)                            2.16      43.87 r
  U1583/Z (AO5)                            0.69      44.56 f
  U1599/Z (AO5)                            2.16      46.73 r
  U1624/Z (AO5)                            0.69      47.41 f
  U1638/Z (AO5)                            1.38      48.79 r
  U1643/Z (EO)                             1.19      49.98 f
  U1644/Z (EO)                             1.13      51.11 f
  U1645/Z (AO2)                            1.08      52.19 r
  U1650/Z (AO3)                            0.39      52.58 f
  result_out[31] (out)                     0.00      52.58 f
  data arrival time                                  52.58
  -----------------------------------------------------------
  (Path is unconstrained)


1
