 
****************************************
Report : timing
        -path full
        -delay max
        -max_paths 1
Design : mstatus_reg
Version: T-2022.03-SP4
Date   : Sat Aug 30 03:27:58 2025
****************************************

Operating Conditions: nom_pvt   Library: lsi_10k
Wire Load Model Mode: top

  Startpoint: mie_out_reg
              (rising edge-triggered flip-flop)
  Endpoint: mstatus_out[3]
            (output port)
  Path Group: (none)
  Path Type: max

  Point                                    Incr       Path
  -----------------------------------------------------------
  mie_out_reg/CP (FD1)                     0.00       0.00 r
  mie_out_reg/Q (FD1)                      1.47       1.47 f
  mstatus_out[3] (out)                     0.00       1.47 f
  data arrival time                                   1.47
  -----------------------------------------------------------
  (Path is unconstrained)


1
