SpyGlass run started at 02:53:09 AM on Aug 30 2025 

SpyGlass Predictive Analyzer(R) - Version SpyGlass_vT-2022.06
Synopsys TestMAX(TM)
Last compiled on May 30 2022

All Rights Reserved. Use, disclosure or duplication
without prior written permission of Synopsys Inc. is prohibited.
Technical support: email spyglass_support@synopsys.com.

Loading Shared library libspyglassrules-Linux4.spyso from /home/cad/eda/SYNOPSYS/VC_SPYGLASS_2022/vc_static/T-2022.06/SG_COMPAT/SPYGLASS_HOME/lib/libspyglassrules-Linux4.spyso 
Loading Shared library libsdcInitRules-Linux4.spyso from /home/cad/eda/SYNOPSYS/VC_SPYGLASS_2022/vc_static/T-2022.06/SG_COMPAT/SPYGLASS_HOME/lib/libsdcInitRules-Linux4.spyso 
Loading Shared library librmerules-Linux4.spyso from /home/cad/eda/SYNOPSYS/VC_SPYGLASS_2022/vc_static/T-2022.06/SG_COMPAT/SPYGLASS_HOME/lib/librmerules-Linux4.spyso 
Loading Shared library libCoreRules-Linux4.spyso from /home/cad/eda/SYNOPSYS/VC_SPYGLASS_2022/vc_static/T-2022.06/SG_COMPAT/SPYGLASS_HOME/lib/libCoreRules-Linux4.spyso 
Loading Shared library libVeLint-Linux4.spyso from /home/cad/eda/SYNOPSYS/VC_SPYGLASS_2022/vc_static/T-2022.06/SG_COMPAT/SPYGLASS_HOME/lib/libVeLint-Linux4.spyso 
Loading Shared library libLexRules-Linux4.spyso from /home/cad/eda/SYNOPSYS/VC_SPYGLASS_2022/vc_static/T-2022.06/SG_COMPAT/SPYGLASS_HOME/lib/libLexRules-Linux4.spyso 
Loading Shared library libVhLint-Linux4.spyso from /home/cad/eda/SYNOPSYS/VC_SPYGLASS_2022/vc_static/T-2022.06/SG_COMPAT/SPYGLASS_HOME/lib/libVhLint-Linux4.spyso 
Loading Shared library libVeMoreLint-Linux4.spyso from /home/cad/eda/SYNOPSYS/VC_SPYGLASS_2022/vc_static/T-2022.06/SG_COMPAT/SPYGLASS_HOME/policies/morelint/libVeMoreLint-Linux4.spyso 
Loading Shared library libVeStarc-Linux4.spyso from /home/cad/eda/SYNOPSYS/VC_SPYGLASS_2022/vc_static/T-2022.06/SG_COMPAT/SPYGLASS_HOME/policies/starc/libVeStarc-Linux4.spyso 
Loading Shared library libVhMoreLint-Linux4.spyso from /home/cad/eda/SYNOPSYS/VC_SPYGLASS_2022/vc_static/T-2022.06/SG_COMPAT/SPYGLASS_HOME/policies/morelint/libVhMoreLint-Linux4.spyso 
Loading Shared library libVhStarc-Linux4.spyso from /home/cad/eda/SYNOPSYS/VC_SPYGLASS_2022/vc_static/T-2022.06/SG_COMPAT/SPYGLASS_HOME/policies/starc/libVhStarc-Linux4.spyso 
Loading Shared library libvcs-Linux4.spyso from /home/cad/eda/SYNOPSYS/VC_SPYGLASS_2022/vc_static/T-2022.06/SG_COMPAT/SPYGLASS_HOME/policies/simulation/libvcs-Linux4.spyso 
Loading Shared library libVeStarc2002-Linux4.spyso from /home/cad/eda/SYNOPSYS/VC_SPYGLASS_2022/vc_static/T-2022.06/SG_COMPAT/SPYGLASS_HOME/policies/starc2002/libVeStarc2002-Linux4.spyso 
Loading Shared library libVhStarc2002-Linux4.spyso from /home/cad/eda/SYNOPSYS/VC_SPYGLASS_2022/vc_static/T-2022.06/SG_COMPAT/SPYGLASS_HOME/policies/starc2002/libVhStarc2002-Linux4.spyso 
Loading Shared library libVmixedStarc2002-Linux4.spyso from /home/cad/eda/SYNOPSYS/VC_SPYGLASS_2022/vc_static/T-2022.06/SG_COMPAT/SPYGLASS_HOME/policies/starc2002/libVmixedStarc2002-Linux4.spyso 
Loading Shared library libVeStarc2005-Linux4.spyso from /home/cad/eda/SYNOPSYS/VC_SPYGLASS_2022/vc_static/T-2022.06/SG_COMPAT/SPYGLASS_HOME/policies/starc2005/libVeStarc2005-Linux4.spyso 
Loading Shared library libVmixedStarc2005-Linux4.spyso from /home/cad/eda/SYNOPSYS/VC_SPYGLASS_2022/vc_static/T-2022.06/SG_COMPAT/SPYGLASS_HOME/policies/starc2005/libVmixedStarc2005-Linux4.spyso 
Loading Shared library libVhStarc2005-Linux4.spyso from /home/cad/eda/SYNOPSYS/VC_SPYGLASS_2022/vc_static/T-2022.06/SG_COMPAT/SPYGLASS_HOME/policies/starc2005/libVhStarc2005-Linux4.spyso 
