 
****************************************
Report : area
Design : misa_and_pre_data
Version: T-2022.03-SP4
Date   : Sat Aug 30 03:27:39 2025
****************************************

Information: Updating design information... (UID-85)
Library(s) Used:

    lsi_10k (File: /home1/BRN49/RuthvikBJ/VLSI_RN/projects/RISC-V/lib/lsi_10k.db)

Number of ports:                          102
Number of nets:                            83
Number of cells:                           45
Number of combinational cells:             43
Number of sequential cells:                 0
Number of macros/black boxes:               0
Number of buf/inv:                          1
Number of references:                       3

Combinational area:                 70.000000
Buf/Inv area:                        1.000000
Noncombinational area:               0.000000
Macro/Black Box area:                0.000000
Net Interconnect area:      undefined  (No wire load specified)

Total cell area:                    70.000000
Total area:                 undefined
1
