 
****************************************
Report : area
Design : msrv32_alu
Version: T-2022.03-SP4
Date   : Sat Aug 30 03:27:29 2025
****************************************

Information: Updating design information... (UID-85)
Library(s) Used:

    lsi_10k (File: /home1/BRN49/RuthvikBJ/VLSI_RN/projects/RISC-V/lib/lsi_10k.db)

Number of ports:                          100
Number of nets:                          1097
Number of cells:                         1029
Number of combinational cells:           1029
Number of sequential cells:                 0
Number of macros/black boxes:               0
Number of buf/inv:                        100
Number of references:                      23

Combinational area:               1662.000000
Buf/Inv area:                      100.000000
Noncombinational area:               0.000000
Macro/Black Box area:                0.000000
Net Interconnect area:      undefined  (No wire load specified)

Total cell area:                  1662.000000
Total area:                 undefined
1
