 
****************************************
Report : area
Design : msrv32_decoder
Version: T-2022.03-SP4
Date   : Sat Aug 30 03:27:15 2025
****************************************

Information: Updating design information... (UID-85)
Library(s) Used:

    lsi_10k (File: /home1/BRN49/RuthvikBJ/VLSI_RN/projects/RISC-V/lib/lsi_10k.db)

Number of ports:                           38
Number of nets:                            63
Number of cells:                           49
Number of combinational cells:             49
Number of sequential cells:                 0
Number of macros/black boxes:               0
Number of buf/inv:                         12
Number of references:                      11

Combinational area:                 64.000000
Buf/Inv area:                       12.000000
Noncombinational area:               0.000000
Macro/Black Box area:                0.000000
Net Interconnect area:      undefined  (No wire load specified)

Total cell area:                    64.000000
Total area:                 undefined
1
