 
****************************************
Report : area
Design : msrv32_reg_block_1
Version: T-2022.03-SP4
Date   : Sat Aug 30 03:28:00 2025
****************************************

Information: Updating design information... (UID-85)
Library(s) Used:

    lsi_10k (File: /home1/BRN49/RuthvikBJ/VLSI_RN/projects/RISC-V/lib/lsi_10k.db)

Number of ports:                           66
Number of nets:                           130
Number of cells:                           96
Number of combinational cells:             64
Number of sequential cells:                32
Number of macros/black boxes:               0
Number of buf/inv:                         32
Number of references:                       3

Combinational area:                 64.000000
Buf/Inv area:                       32.000000
Noncombinational area:             224.000000
Macro/Black Box area:                0.000000
Net Interconnect area:      undefined  (No wire load specified)

Total cell area:                   288.000000
Total area:                 undefined
1
