 
****************************************
Report : area
Design : msrv32_top
Version: T-2022.03-SP4
Date   : Sat Aug 30 03:29:20 2025
****************************************

Information: Updating design information... (UID-85)
Warning: Design 'msrv32_top' contains 1 high-fanout nets. A fanout number of 1000 will be used for delay calculations involving these nets. (TIM-134)
Library(s) Used:

    lsi_10k (File: /home1/BRN49/RuthvikBJ/VLSI_RN/projects/RISC-V/lib/lsi_10k.db)

Number of ports:                         4223
Number of nets:                         15278
Number of cells:                        10444
Number of combinational cells:           8771
Number of sequential cells:              1641
Number of macros/black boxes:               0
Number of buf/inv:                       1178
Number of references:                      17

Combinational area:              15348.000000
Buf/Inv area:                     1323.000000
Noncombinational area:           13852.000000
Macro/Black Box area:                0.000000
Net Interconnect area:      undefined  (No wire load specified)

Total cell area:                 29200.000000
Total area:                 undefined
1
