 
****************************************
Report : area
Design : msrv32_machine_control
Version: T-2022.03-SP4
Date   : Sat Aug 30 03:28:06 2025
****************************************

Information: Updating design information... (UID-85)
Library(s) Used:

    lsi_10k (File: /home1/BRN49/RuthvikBJ/VLSI_RN/projects/RISC-V/lib/lsi_10k.db)

Number of ports:                           61
Number of nets:                           135
Number of cells:                           86
Number of combinational cells:             76
Number of sequential cells:                10
Number of macros/black boxes:               0
Number of buf/inv:                         13
Number of references:                      14

Combinational area:                107.000000
Buf/Inv area:                       13.000000
Noncombinational area:              70.000000
Macro/Black Box area:                0.000000
Net Interconnect area:      undefined  (No wire load specified)

Total cell area:                   177.000000
Total area:                 undefined
1
