 
****************************************
Report : area
Design : msrv32_integer_file
Version: T-2022.03-SP4
Date   : Sat Aug 30 03:27:10 2025
****************************************

Information: Updating design information... (UID-85)
Library(s) Used:

    lsi_10k (File: /home1/BRN49/RuthvikBJ/VLSI_RN/projects/RISC-V/lib/lsi_10k.db)

Number of ports:                          114
Number of nets:                          4579
Number of cells:                         4529
Number of combinational cells:           3537
Number of sequential cells:               992
Number of macros/black boxes:               0
Number of buf/inv:                       1040
Number of references:                      12

Combinational area:               5953.000000
Buf/Inv area:                     1040.000000
Noncombinational area:            8928.000000
Macro/Black Box area:                0.000000
Net Interconnect area:      undefined  (No wire load specified)

Total cell area:                 14881.000000
Total area:                 undefined
1
