 
****************************************
Report : area
Design : mstatus_reg
Version: T-2022.03-SP4
Date   : Sat Aug 30 03:27:58 2025
****************************************

Information: Updating design information... (UID-85)
Library(s) Used:

    lsi_10k (File: /home1/BRN49/RuthvikBJ/VLSI_RN/projects/RISC-V/lib/lsi_10k.db)

Number of ports:                           52
Number of nets:                            40
Number of cells:                           20
Number of combinational cells:             16
Number of sequential cells:                 2
Number of macros/black boxes:               0
Number of buf/inv:                          3
Number of references:                      11

Combinational area:                 25.000000
Buf/Inv area:                        3.000000
Noncombinational area:              14.000000
Macro/Black Box area:                0.000000
Net Interconnect area:      undefined  (No wire load specified)

Total cell area:                    39.000000
Total area:                 undefined
1
