LatchFeedback@@EFFORT_LEVEL@@100@@100
LatchFeedback@@EFFORT_DEPTH@@100@@100
LatchFeedback@@LATCH_CHAIN_MAX_LENGTH@@2@@2
LatchFeedback@@OVERLAPPINGLATCHLOOPS@@1@@1
LatchFeedback@@ALLVIOL@@0@@0
LatchFeedback@@HANDLE_BIT_INDEXES@@1@@1
W414@@TREAT_LATCH_AS_COMBINATIONAL@@0@@yes
W414@@FAST@@no@@no
W336@@CHECK_TEMPORARY_FLOP@@0@@0
W336@@TREAT_LATCH_AS_COMBINATIONAL@@0@@yes
W336@@IGNORE_LOCAL_VARIABLES@@0@@0
W336@@IGNORECELLNAME@@@@
W336@@FAST@@no@@no
STARC05-2.5.1.2@@STRICT@@0@@no
STARC05-2.5.1.2@@NO_STRICT@@0@@0
STARC05-2.5.1.2@@IGNORE_FLOPS@@0@@0
RegInputOutput-ML@@BUF_COUNT@@-1@@-1
RegInputOutput-ML@@INV_COUNT@@1@@1
RegInputOutput-ML@@DEPTH_ML@@-1@@-1
RegInputOutput-ML@@IGNORE_SYNC_RESET@@no@@no
RegInputOutput-ML@@IGNORE_CONST_OUTPORT@@no@@no
RegInputOutput-ML@@CHKTOPMODULE@@no@@yes
RegInputOutput-ML@@IGNORE_UNLOADED_PORT@@no@@no
RegInputOutput-ML@@HANDLE_HIER_CLOCK_RESET@@no@@no
RegInputOutput-ML@@CHECKTOPDU@@no@@no
RegInputOutput-ML@@CHECKSIBLING@@YES@@YES
CombLoop@@ALLVIOL@@0@@0
CombLoop@@EFFORT_LEVEL@@100@@100
CombLoop@@EFFORT_DEPTH@@100@@100
CombLoop@@ENABLEE2Q@@0@@yes
CombLoop@@ENABLE_LATCH_BASED_CLUSTERS@@0@@0
CombLoop@@REPORT_NODE_COUNT@@0@@0
CombLoop@@IGNORESRLATCH@@0@@0
CombLoop@@IGNORE_IOPAD@@0@@0
CombLoop@@IGNORE_MEMORY@@0@@0
CombLoop@@OVERLAPPINGLOOPS@@1@@1
CombLoop@@REPORT_FLOP_CLOCK_LOOP@@0@@0
CombLoop@@REPORT_FLOP_RESET_LOOP@@0@@0
CombLoop@@REPORT_MUX_SELECT@@1@@1
CombLoop@@STRICT@@0@@no
CombLoop@@NO_STRICT@@0@@0
CombLoop@@STOP_ON_LATCH@@1@@1
CombLoop@@NET_COUNT@@10@@10
CombLoop@@REPORT_MUX_LOOP@@1@@1
CombLoop@@REPORT_CLOCK_RESET_LOOPS@@no@@no
CombLoop@@REPORT_OVERLAP_LOOP@@0@@0
CombLoop@@LOOP_RESET_TO_Q@@0@@0
CombLoop@@REPORT_LOOP_THRU_CGC@@0@@0
CombLoop@@COMBLOOP_WAIVER_COMPAT@@no@@no
CombLoop@@ENABLE_BUSMERGING@@no@@no
CombLoop@@IGNORE_INTERNAL_LOOPS@@no@@no
CombLoop@@CHECK_LOOP_BREAKERS@@0@@0
STARC05-1.3.1.3@@SHOW_CONNECTED_NET@@yes@@yes
STARC05-1.3.1.3@@ALLOW_COMBO_LOGIC_BASE@@0@@0
STARC05-1.3.1.3@@HANDLE_LATCH_SETRESET@@0@@0
STARC05-1.3.1.3@@IGNORE_MODULE_CELL@@@@
STARC05-1.3.1.3@@IGNORE_NON_RESET@@@@
STARC05-1.3.1.3@@REPORT_ALL_RST@@0@@0
STARC05-1.3.1.3@@RESET_SYNCHRONIZER_MODNAME@@@@
STARC05-1.3.1.3@@WAIVER_COMPAT@@0@@0
STARC05-1.3.1.3@@CHECK_SYNC_RESET@@0@@0
STARC05-1.3.1.3@@REPORT_ALL_RST_COUNT@@999999@@999999
STARC05-1.3.1.3@@IGNORE_CELL@@@@
STARC05-1.3.1.3@@IGNORE_MEMORY@@0@@0
STARC05-1.3.1.3@@CHECK_LATCH@@none@@none
STARC05-1.3.1.3@@REPORT_UNDRIVEN_RESET@@yes@@yes
STARC05-1.3.1.3@@REPORT_NONUSERMUX@@yes@@yes
STARC05-1.3.1.3@@REPORT_FILE_LINE_ON_SOURCE@@0@@0
checkPinConnectedToSupply@@ALLVIOL@@0@@0
checkPinConnectedToSupply@@ONLY_APPLY_ON_LEAF_CELL@@1@@1
checkPinConnectedToSupply@@APPLY_ONLY_ON_OUTPUTS@@0@@0
checkPinConnectedToSupply@@IMPLICIT_SUPPLY@@0@@0
checkPinConnectedToSupply@@SUPPLYLOW@@@@
checkPinConnectedToSupply@@SUPPLYHIGH@@@@
checkPinConnectedToSupply@@REPORT_MODULE_CONFIGURATION@@0@@0
checkPinConnectedToSupply@@CHECK_BLACKBOX_INTERFACE@@0@@0
checkPinConnectedToSupply@@IGNORE_DEFAULT_SUPPLY@@no@@no
checkPinConnectedToSupply@@REPORT_ALL_PINS@@no@@no
W415@@STRICT@@0@@no
W415@@NO_STRICT@@0@@0
W415@@ASSUME_DRIVER_LOAD@@0@@yes
W415@@CHECKCONSTASSIGN@@0@@yes
W415@@CHECK_BBOX_DRIVER@@0@@0
W415@@FAST@@0@@0
W415@@IGNORE_GREYBOX_DRIVER@@no@@no
W415@@HANDLE_EQUIVALENT_DRIVERS@@no@@no
W415@@CHECK_PG_PINS@@0@@0
W415@@IGNORE_EQUIVALENT_DRIVERS@@1@@1
W415@@ENABLE_REPORT@@no@@no
W415@@SHOW_CONNECTED_NET@@no@@no
W415@@MAX_DRIVER_COUNT@@200@@200
STARC05-1.4.3.4@@SHOW_CONNECTED_NET@@yes@@yes
STARC05-1.4.3.4@@ALLOW_COMBO_LOGIC_BASE@@0@@0
STARC05-1.4.3.4@@REPORT_ALLCLK@@0@@0
STARC05-1.4.3.4@@REPORT_ALLCLK_OPTIMIZED@@0@@0
STARC05-1.4.3.4@@IGNORE_MODULE_CELL@@@@
STARC05-1.4.3.4@@IGNORE_LATCHES@@1@@1
STARC05-1.4.3.4@@IGNORE_CLK_GENERATOR@@1@@1
STARC05-1.4.3.4@@CHECK_CLOCK_CELL@@@@
STARC05-1.4.3.4@@CLK_ENABLELATCH@@1@@1
STARC05-1.4.3.4@@TRAVERSE_THROUGH_MUX@@no@@no
STARC05-1.4.3.4@@IGNORE_CELL@@@@
STARC05-1.4.3.4@@DISABLE_CLOCK_SORTING@@0@@0
STARC05-1.4.3.4@@REPORT_UNDRIVEN_CLOCK@@yes@@yes
STARC05-1.4.3.4@@REPORT_NONUSERMUX@@yes@@yes
STARC05-1.4.3.4@@REPORT_FILE_LINE_ON_SOURCE@@0@@0
FlopClockConstant@@ALLVIOL@@0@@0
FlopClockConstant@@IGNORE_SAME_SOURCE@@1@@1
FlopClockConstant@@REPORT_INFERRED_CELL@@0@@yes
FlopClockConstant@@IGNORE_HANGING_FLOP@@0@@0
FlopClockConstant@@SHOW_CONNECTED_NET@@yes@@yes
FlopClockConstant@@SEARCH_CONST_NET_EXTENDED@@no@@no
FlopClockConstant@@GENERATE_CONNPOINT_REPORT@@no@@no
FlopClockConstant@@REPORT_MODULE_CONFIGURATION@@0@@0
FlopClockConstant@@REPORT_SORTED_ORDER@@1@@1
FlopClockConstant@@REPORT_CONST_CONNECT@@0@@0
FlopClockConstant@@HANDLE_BIT_INDEXES@@YES@@YES
FlopClockConstant@@IGNORE_SAME_SUPPLY_SOURCE@@0@@0
FlopClockConstant@@DISPLAY_GATE_PIN_NAME@@1@@1
FlopSRConst@@ALLVIOL@@0@@0
FlopSRConst@@IGNORE_SAME_SOURCE@@1@@1
FlopSRConst@@REPORT_INFERRED_CELL@@0@@yes
FlopSRConst@@IGNORE_HANGING_FLOP@@0@@0
FlopSRConst@@SHOW_CONNECTED_NET@@yes@@yes
FlopSRConst@@SEARCH_CONST_NET_EXTENDED@@no@@no
FlopSRConst@@REPORT_MODULE_CONFIGURATION@@0@@0
FlopSRConst@@IGNORE_LIBCELL_TRAVERSAL@@no@@no
FlopSRConst@@REPORT_SORTED_ORDER@@1@@1
FlopSRConst@@HANDLE_BIT_INDEXES@@YES@@YES
FlopSRConst@@IGNORE_SAME_SUPPLY_SOURCE@@0@@0
FlopSRConst@@DISPLAY_GATE_PIN_NAME@@1@@1
FlopEConst@@ALLVIOL@@0@@0
FlopEConst@@IGNORE_SAME_SOURCE@@1@@1
FlopEConst@@REPORT_INFERRED_CELL@@0@@yes
FlopEConst@@IGNORE_HANGING_FLOP@@0@@0
FlopEConst@@SHOW_CONNECTED_NET@@yes@@yes
FlopEConst@@SEARCH_CONST_NET_EXTENDED@@no@@no
FlopEConst@@GENERATE_CONNPOINT_REPORT@@no@@no
FlopEConst@@REPORT_MODULE_CONFIGURATION@@0@@0
FlopEConst@@REPORT_SORTED_ORDER@@1@@1
FlopEConst@@REPORT_CONST_CONNECT@@0@@0
FlopEConst@@HANDLE_BIT_INDEXES@@YES@@YES
FlopEConst@@IGNORE_SAME_SUPPLY_SOURCE@@0@@0
FlopEConst@@DISPLAY_GATE_PIN_NAME@@1@@1
BufClock@@IGNORECELLNAME@@@@
BufClock@@STRICT@@@@no
BufClock@@NO_STRICT@@0@@0
BufClock@@REPORT_CHAIN_ALSO@@1@@1
BufClock@@ONE_VIOL_PER_SOURCE@@1@@1
BufClock@@ALLOW_LATCH_CLOCK_SOURCE@@0@@0
BufClock@@SHOW_CONNECTED_NET@@yes@@yes
UndrivenInTerm-ML@@CHECKINHIERARCHY@@yes@@yes
UndrivenInTerm-ML@@CHECKFULLBUS@@no@@yes
UndrivenInTerm-ML@@IGNORE_UNLOADED_INST@@no@@no
UndrivenInTerm-ML@@REPORT_FLOATING_SOURCE@@no@@no
UndrivenInTerm-ML@@IGNORE_INOUT@@no@@no
UndrivenInTerm-ML@@CHECKRTLCINST@@no@@yes
UndrivenInTerm-ML@@HANDLE_GREYBOX@@yes@@yes
UndrivenInTerm-ML@@SKIP_LIB_CELL_CHECKING@@no@@no
UndrivenInTerm-ML@@APPLY_ON_LIB_CELL_ONLY@@no@@no
UndrivenInTerm-ML@@CHECK_DEFAULT_VALUE@@yes@@yes
UndrivenInTerm-ML@@IGNORERTLBUFFER@@yes@@yes
UndrivenInTerm-ML@@IGNORE_DELIBERATELY_UNCONNECTED@@no@@no
UndrivenInTerm-ML@@IGNORE_UNUSED_FLOP@@no@@no
W287a@@FAST@@no@@no
W287a@@STRICT@@no@@no
W287a@@FILTER_MARK_OPEN@@no@@no
W287a@@REPORT_MARK_OPEN@@no@@no
W287a@@REPORT_ONLY_FROM_ONE_HIERARCHY@@no@@no
W287a@@REPORT_SINGLE_VIOLATION@@no@@no
W287a@@NO_STRICT@@0@@0
W287b@@FAST@@no@@no
W287b@@FILTER_MARK_OPEN@@no@@no
W287b@@REPORT_HIERARCHY@@no@@no
W287b@@REPORT_MARK_OPEN@@no@@no
W392@@REPORT_FILE_LINE_ON_SOURCE@@0@@0
W392@@ALLOW_COMBO_LOGIC_BASE@@0@@0
W392@@CHECK_COMPLETE_DESIGN@@no@@no
W392@@IGNORE_RESET_POSEDGE_IN_MODULES@@@@
W392@@IGNORE_RESET_NEGEDGE_IN_MODULES@@@@
W392@@CHECKSYNCRESET@@yes@@yes
W392@@CHECK_LATCH@@no@@no
W392@@WAIVER_COMPAT@@no@@no
W392@@FAST@@no@@no
W392@@IGNORE_SYNC_RESET_FOR_ASYNC_RESET_FLOP@@yes@@yes
W392@@SHOW_CONNECTED_NET@@yes@@yes
InferLatch@@REPORTLATCHHIERARCHY@@no@@no
InferLatch@@IGNORELATCHHIERARCHY@@@@
InferLatch@@REPORTALWAYSLATCH@@no@@no
InferLatch@@REPORTLIBLATCH@@no@@no
InferLatch@@REPORTHANGINGLATCH@@no@@no
InferLatch@@STRICT@@no@@no
InferLatch@@NO_STRICT@@0@@0
InferLatch@@IGNOREREALLATCH@@no@@no
InferLatch@@IGNORE_LATCH_CELL@@@@
InferLatch@@ALLOW_LATCH_CELL@@@@
STARC05-2.10.1.4b@@IGNORE_CASE_COMPARE_OP@@no@@no
STARC05-2.10.1.4a@@CHECK_ANY_BIT_FOR_XZ@@no@@no
STARC05-2.10.1.4a@@IGNORE_CASE_INSIDE@@no@@no
STARC05-2.1.3.1@@CHECK_PAD_CONCAT@@no@@no
STARC05-2.1.3.1@@CHECK_SHIFTED_WIDTH@@no@@no
STARC05-2.1.3.1@@IGNORE_PARAM_TYPE@@no@@no
STARC05-2.1.3.1@@NEW_FLOW_WIDTH@@yes@@yes
STARC05-2.1.3.1@@NOCHECKOVERFLOW@@no@@yes
STARC05-2.1.3.1@@USE_LRM_WIDTH@@no@@no
STARC05-2.11.3.1@@IGNORE_FSM_COUNTER@@no@@no
STARC05-2.11.3.1@@NO_STRICT@@@@
STARC05-2.11.3.1@@STRICT@@no@@no
STARC05-2.10.3.2a@@DISABLE_RTL_DEADCODE@@no@@no
STARC05-2.10.3.2a@@ENABLE_RTL_DEADCODE@@no@@no
STARC05-2.10.3.2a@@NEW_FLOW_WIDTH@@yes@@yes
STARC05-2.10.3.2a@@NOCHECKOVERFLOW@@no@@yes
STARC05-2.10.3.2a@@CHECK_STATIC_VALUE@@no@@no
STARC05-2.10.3.2a@@USE_LRM_WIDTH@@no@@no
STARC05-2.10.2.3@@HANDLE_NEGATION_SEMANTICS@@no@@no
STARC05-2.3.1.6@@IGNORE_NON_RESET@@no@@no
STARC05-2.2.3.3@@NO_STRICT@@@@
STARC05-2.2.3.3@@STRICT@@no@@no
STARC05-2.1.4.5@@USE_SECONDARY_MESSAGE@@no@@no
sim_race02@@EVALUATE_FOR_LOOPS@@no@@no
sim_race02@@WAIVER_COMPAT@@no@@no
ParamWidthMismatch-ML@@CHECK_INST_CONNECTIONS@@no@@no
NoAssignX-ML@@CHECK_ENUM_DECL@@no@@no
NoAssignX-ML@@CHECK_XASSIGN_CASEDEFAULT@@no@@no
NoAssignX-ML@@IGNORE_FULLCASE_DEFAULT@@no@@no
NoAssignX-ML@@NOCHECK_ALWAYS_INIT@@no@@no
PragmaComments-ML@@ATTACH_VIOLATION_TAG@@no@@no
PragmaComments-ML@@PRAGMA_LIST_ML@@synopsys@@synopsys
W528@@CHECKFULLBUS@@no@@yes
W528@@CHECKFULLRECORD@@no@@yes
W528@@CHECKFULLSTRUCT@@no@@no
W528@@DISABLE_SIGNAL_USAGE_REPORT@@no@@no
W528@@HANDLE_LARGE_BUS@@no@@no
W528@@NOT_USED_SIGNAL@@nil@@nil
W467@@IGNORE_PARAM_CASE_CONDITION@@no@@no
W467@@IGNORE_WILDCARD_OPERATORS@@no@@no
W424@@IGNORE_INTERFACE_LOCALS@@no@@no
W398@@NO_STRICT@@@@
W398@@STRICT@@no@@no
W398@@WAIVER_COMPAT@@no@@no
W240@@CHECKFULLBUS@@no@@yes
W240@@CHECKFULLRECORD@@no@@yes
W240@@CHECKFULLSTRUCT@@no@@no
W240@@DISABLE_SIGNAL_USAGE_REPORT@@no@@no
W240@@HANDLE_LARGE_BUS@@no@@no
W71@@CHECK_SEQUENTIAL@@no@@no
W71@@DO_NOT_RUN_W71@@no@@no
W71@@HANDLE_CASE_SELECT@@64@@64
W71@@IGNORE_UNIQUE_AND_PRIORITY@@no@@no
W71@@NO_STRICT@@@@
W71@@STRICT@@no@@no
W416@@W416_VHDL_ONLY@@no@@no
W416@@CHECK_COUNTER_ASSIGNMENT@@no@@no
W416@@CHECK_STATIC_VALUE@@no@@no
W416@@CONSIDER_SUB_AS_ADD@@no@@no
W416@@DISABLE_RTL_DEADCODE@@no@@no
W416@@ENABLE_RTL_DEADCODE@@no@@no
W416@@HANDLE_ZERO_PADDING@@no@@no
W416@@IGNORE_NONSTATIC_COUNTER@@no@@no
W416@@NOCHECKOVERFLOW@@no@@yes
W416@@REPORT_VIOLATION_TYPE@@both@@both
W416@@USE_LRM_WIDTH@@no@@no
W156@@IGNORE_CONCAT_EXPR@@no@@no
W156@@NO_STRICT@@@@
W156@@REPORT_ALL_CONNECTIONS@@no@@no
W156@@STRICT@@no@@no
W123@@CHECKFULLRECORD@@no@@yes
W123@@DISABLE_SIGNAL_USAGE_REPORT@@no@@no
W123@@DUMP_ARRAY_BITS@@no@@no
W123@@HANDLE_LARGE_BUS@@no@@no
W123@@IGNOREMODULEINSTANCE@@no@@yes
W123@@IGNORE_HIER_SCOPE_VAR@@no@@no
W123@@REPORT_STRUCT_NAME_ONLY@@no@@no
W123@@TRAVERSE_FUNCTION@@no@@no
W122@@ALLOW_CLK_IN_CONDITION@@no@@no
W122@@CONSIDERINOUTASOUTPUT@@no@@no
W122@@IGNORESEQPROCESS@@no@@no
W122@@NO_STRICT@@@@
W122@@REPORT_ALL_MESSAGES@@no@@no
W122@@SIMPLESENSE@@no@@no
W122@@STRICT@@no@@no
W116@@CHECKOPERATOROVERLOAD@@yes@@yes
W116@@CHECK_COUNTER_ASSIGNMENT@@no@@no
W116@@CHECK_GENVAR@@no@@no
W116@@CHECK_STATIC_VALUE@@no@@no
W116@@DISABLE_RTL_DEADCODE@@no@@no
W116@@ENABLE_RTL_DEADCODE@@no@@no
W116@@IGNORE_FORLOOP_INDEXES@@no@@no
W116@@IGNORE_MULT_AND_DIV@@no@@no
W116@@IGNORE_NONSTATIC_COUNTER@@no@@no
W116@@IGNORE_SIGNED_EXPRESSIONS@@no@@no
W116@@NEW_FLOW_WIDTH@@yes@@yes
W116@@NO_STRICT@@@@
W116@@NOCHECKOVERFLOW@@no@@yes
W116@@REPORT_ONLY_BITWISE@@no@@no
W116@@REPORTCONSTASSIGN@@no@@no
W116@@SIGN_EXTEND_FUNC_NAMES@@EXTEND,resize@@EXTEND,resize
W116@@STRICT@@no@@no
W116@@USE_CARRY_BIT@@W164a,W164b,W164b_b,W164b_b@@W164a,W164b,W164b_b,W164b_b
W116@@USE_LRM_WIDTH@@no@@no
W502@@CHECK_IMPLICIT_SENSELIST@@no@@no
W502@@REPORT_ALL_MESSAGES@@no@@no
W499@@DISABLE_SIGNAL_USAGE_REPORT@@no@@no
W499@@HANDLE_LARGE_BUS@@no@@no
W499@@IGNORE_AUTO_FUNCTION_RETURN@@no@@no
W486@@CHECK_SHIFTED_WIDTH@@no@@no
W486@@DISABLE_RTL_DEADCODE@@no@@no
W486@@ENABLE_RTL_DEADCODE@@no@@no
W486@@NEW_FLOW_WIDTH@@yes@@yes
W486@@NOCHECKOVERFLOW@@no@@yes
W486@@PROCESS_COMPLETE_CONDOP@@no@@no
W486@@USE_LRM_WIDTH@@no@@no
W481a@@NO_STRICT@@@@
W481a@@STRICT@@no@@no
W415a@@CHECK_INITIALIZATION_ASSIGNMENT@@no@@no
W415a@@CHECKBLOCKING@@no@@no
W415a@@CHECKNONBLOCKING@@no@@no
W415a@@IGNORE_BITWISEOR_ASSIGNMENT@@no@@no
W415a@@IGNORE_IF_CASE_STATEMENT@@no@@no
W415a@@IGNORE_MULTI_ASSIGN_IN_FORLOOP@@no@@no
W415a@@IGNORE_MULTI_ASSIGN_IN_GENFORBLOCK@@no@@no
W415a@@IGNORE_NONBLOCKCONDITION@@no@@no
W415a@@IGNORE_REINITIALIZATION@@no@@no
W415a@@REPORT_STATIC_ASSIGN@@no@@no
W415a@@REPORTSIMILARASSGN@@no@@no
W415a@@WAIVER_COMPAT@@no@@no
W362@@CHECK_PARAMETER@@no@@no
W362@@CHECK_SIGN_EXTEND@@no@@no
W362@@CHECK_STATIC_VALUE@@no@@no
W362@@DISABLE_RTL_DEADCODE@@no@@no
W362@@ENABLE_RTL_DEADCODE@@no@@no
W362@@HANDLE_ZERO_PADDING@@no@@no
W362@@NEW_FLOW_WIDTH@@yes@@yes
W362@@NO_STRICT@@@@
W362@@NOCHECKOVERFLOW@@no@@yes
W362@@STRICT@@no@@no
W362@@USE_LRM_WIDTH@@no@@no
W337@@NO_STRICT@@@@
W337@@STRICT@@no@@no
W263@@CONSIDER_SUB_AS_ADD@@no@@no
W263@@HANDLE_STATIC_CASELABELS@@no@@no
W263@@IGNORE_INTEGER_CONSTANT_LABELS@@no@@no
W263@@IGNORE_WITHIN_RANGE_LABELS@@no@@no
W263@@NO_STRICT@@@@
W263@@NOCHECKOVERFLOW@@no@@yes
W263@@STRICT@@no@@no
W263@@USE_LRM_WIDTH@@no@@no
W224@@IGNORE_INTEGER@@no@@no
W224@@IGNORE_PARAMETER@@no@@no
W224@@REPORT_ONLY_FROM_ONE_HIERARCHY@@no@@no
W224@@USE_NATURAL_WIDTH@@no@@no
W19@@NO_STRICT@@@@
W19@@STRICT@@no@@no
W110@@CHECK_CONCAT_MAX_WIDTH@@no@@no
W110@@CHECK_SHIFTED_ONLY@@no@@no
W110@@HANDLE_SHIFT_OP@@no@@no
W110@@HANDLE_ZERO_PADDING@@no@@no
W110@@NEW_FLOW_WIDTH@@yes@@yes
W110@@NOCHECKOVERFLOW@@no@@yes
W110@@REPORT_BLACKBOX_INST@@no@@no
W110@@USE_LRM_WIDTH@@no@@no
#FORMAL_ENABLE_TAG_LIST
